Crashlog created at 2012-06-17 17:18:50 -0400

=== MESSAGE:

ExecJS::ProgramError: Unexpected token: eof (undefined) (line: 58, col: 1, pos: 1325)

Error
    at new JS_Parse_Error (/tmp/execjs20120617-32210-ucnzwc.js:3096:22)
    at js_error (/tmp/execjs20120617-32210-ucnzwc.js:3104:15)
    at croak (/tmp/execjs20120617-32210-ucnzwc.js:3557:17)
    at token_error (/tmp/execjs20120617-32210-ucnzwc.js:3564:17)
    at unexpected (/tmp/execjs20120617-32210-ucnzwc.js:3570:17)
    at block_ (/tmp/execjs20120617-32210-ucnzwc.js:3821:40)
    at /tmp/execjs20120617-32210-ucnzwc.js:3801:43
    at /tmp/execjs20120617-32210-ucnzwc.js:3805:28
    at /tmp/execjs20120617-32210-ucnzwc.js:3935:43
    at maybe_unary (/tmp/execjs20120617-32210-ucnzwc.js:4028:27)

=== COMPILATION STACK:

  (empty)

=== BACKTRACE:

  0. /usr/lib/ruby/gems/1.9.1/gems/execjs-1.4.0/lib/execjs/external_runtime.rb:68:in `extract_result'
  1. /usr/lib/ruby/gems/1.9.1/gems/execjs-1.4.0/lib/execjs/external_runtime.rb:28:in `block in exec'
  2. /usr/lib/ruby/gems/1.9.1/gems/execjs-1.4.0/lib/execjs/external_runtime.rb:41:in `compile_to_tempfile'
  3. /usr/lib/ruby/gems/1.9.1/gems/execjs-1.4.0/lib/execjs/external_runtime.rb:27:in `exec'
  4. /usr/lib/ruby/gems/1.9.1/gems/uglifier-1.2.4/lib/uglifier.rb:101:in `compile'
  5. /usr/lib/ruby/gems/1.9.1/gems/nanoc-3.4.0/lib/nanoc/filters/uglify_js.rb:38:in `run'
  6. /usr/lib/ruby/gems/1.9.1/gems/nanoc-3.4.0/lib/nanoc/base/result_data/item_rep.rb:343:in `filter'
  7. /usr/lib/ruby/gems/1.9.1/gems/nanoc-3.4.0/lib/nanoc/base/compilation/item_rep_proxy.rb:47:in `filter'
  8. /usr/lib/ruby/gems/1.9.1/gems/nanoc-3.4.0/lib/nanoc/base/compilation/rule_context.rb:54:in `filter'
  9. ./Rules:35:in `block in load'
  10. /usr/lib/ruby/gems/1.9.1/gems/nanoc-3.4.0/lib/nanoc/base/compilation/rule.rb:68:in `instance_eval'
  11. /usr/lib/ruby/gems/1.9.1/gems/nanoc-3.4.0/lib/nanoc/base/compilation/rule.rb:68:in `apply_to'
  12. /usr/lib/ruby/gems/1.9.1/gems/nanoc-3.4.0/lib/nanoc/base/compilation/compiler.rb:381:in `compile_rep'
  13. /usr/lib/ruby/gems/1.9.1/gems/nanoc-3.4.0/lib/nanoc/base/compilation/compiler.rb:337:in `block in compile_reps'
  14. /usr/lib/ruby/gems/1.9.1/gems/nanoc-3.4.0/lib/nanoc/base/compilation/compiler.rb:330:in `loop'
  15. /usr/lib/ruby/gems/1.9.1/gems/nanoc-3.4.0/lib/nanoc/base/compilation/compiler.rb:330:in `compile_reps'
  16. /usr/lib/ruby/gems/1.9.1/gems/nanoc-3.4.0/lib/nanoc/base/compilation/compiler.rb:85:in `run'
  17. /usr/lib/ruby/gems/1.9.1/gems/nanoc-3.4.0/lib/nanoc/base/source_data/site.rb:57:in `compile'
  18. /usr/lib/ruby/gems/1.9.1/gems/nanoc-3.4.0/lib/nanoc/cli/commands/watch.rb:42:in `block in run'
  19. /usr/lib/ruby/gems/1.9.1/gems/fssm-0.2.9/lib/fssm/path.rb:73:in `call'
  20. /usr/lib/ruby/gems/1.9.1/gems/fssm-0.2.9/lib/fssm/path.rb:73:in `run_callback'
  21. /usr/lib/ruby/gems/1.9.1/gems/fssm-0.2.9/lib/fssm/path.rb:55:in `callback_action'
  22. /usr/lib/ruby/gems/1.9.1/gems/fssm-0.2.9/lib/fssm/path.rb:35:in `update'
  23. /usr/lib/ruby/gems/1.9.1/gems/fssm-0.2.9/lib/fssm/state/directory.rb:39:in `block in modified'
  24. /usr/lib/ruby/gems/1.9.1/gems/fssm-0.2.9/lib/fssm/state/directory.rb:37:in `each'
  25. /usr/lib/ruby/gems/1.9.1/gems/fssm-0.2.9/lib/fssm/state/directory.rb:37:in `modified'
  26. /usr/lib/ruby/gems/1.9.1/gems/fssm-0.2.9/lib/fssm/state/directory.rb:18:in `refresh'
  27. /usr/lib/ruby/gems/1.9.1/gems/fssm-0.2.9/lib/fssm/backends/polling.rb:17:in `block (2 levels) in run'
  28. /usr/lib/ruby/gems/1.9.1/gems/fssm-0.2.9/lib/fssm/backends/polling.rb:17:in `each'
  29. /usr/lib/ruby/gems/1.9.1/gems/fssm-0.2.9/lib/fssm/backends/polling.rb:17:in `block in run'
  30. /usr/lib/ruby/gems/1.9.1/gems/fssm-0.2.9/lib/fssm/backends/polling.rb:15:in `loop'
  31. /usr/lib/ruby/gems/1.9.1/gems/fssm-0.2.9/lib/fssm/backends/polling.rb:15:in `run'
  32. /usr/lib/ruby/gems/1.9.1/gems/fssm-0.2.9/lib/fssm/monitor.rb:26:in `run'
  33. /usr/lib/ruby/gems/1.9.1/gems/nanoc-3.4.0/lib/nanoc/cli/commands/watch.rb:83:in `run'
  34. /usr/lib/ruby/gems/1.9.1/gems/nanoc-3.4.0/lib/nanoc/cli/command_runner.rb:14:in `block in call'
  35. /usr/lib/ruby/gems/1.9.1/gems/nanoc-3.4.0/lib/nanoc/cli/error_handler.rb:63:in `handle_while'
  36. /usr/lib/ruby/gems/1.9.1/gems/nanoc-3.4.0/lib/nanoc/cli/error_handler.rb:26:in `handle_while'
  37. /usr/lib/ruby/gems/1.9.1/gems/nanoc-3.4.0/lib/nanoc/cli/command_runner.rb:13:in `call'
  38. /usr/lib/ruby/gems/1.9.1/gems/cri-2.3.0/lib/cri/command_dsl.rb:185:in `block in runner'
  39. /usr/lib/ruby/gems/1.9.1/gems/cri-2.3.0/lib/cri/command.rb:296:in `call'
  40. /usr/lib/ruby/gems/1.9.1/gems/cri-2.3.0/lib/cri/command.rb:296:in `run_this'
  41. /usr/lib/ruby/gems/1.9.1/gems/cri-2.3.0/lib/cri/command.rb:249:in `run'
  42. /usr/lib/ruby/gems/1.9.1/gems/cri-2.3.0/lib/cri/command.rb:262:in `run'
  43. /usr/lib/ruby/gems/1.9.1/gems/nanoc-3.4.0/lib/nanoc/cli.rb:47:in `block in run'
  44. /usr/lib/ruby/gems/1.9.1/gems/nanoc-3.4.0/lib/nanoc/cli/error_handler.rb:63:in `handle_while'
  45. /usr/lib/ruby/gems/1.9.1/gems/nanoc-3.4.0/lib/nanoc/cli/error_handler.rb:26:in `handle_while'
  46. /usr/lib/ruby/gems/1.9.1/gems/nanoc-3.4.0/lib/nanoc/cli.rb:44:in `run'
  47. /usr/lib/ruby/gems/1.9.1/gems/nanoc-3.4.0/bin/nanoc:19:in `<top (required)>'
  48. /usr/bin/nanoc:23:in `load'
  49. /usr/bin/nanoc:23:in `<main>'

=== VERSION INFORMATION:

nanoc 3.4.0 © 2007-2012 Denis Defreyne.
Running ruby 1.9.3 (2012-04-20) on x86_64-linux with RubyGems 1.8.23.

=== INSTALLED GEMS:

  activesupport 3.2.6
  adsf 1.1.1
  bundler 1.1.4
  chunky_png 1.2.5
  colored 1.2
  compass 0.12.1
  compass-h5bp 0.0.5
  cri 2.3.0
  execjs 1.4.0
  fspath 2.0.4
  fssm 0.2.9
  haml 3.1.6
  i18n 0.6.0
  image_optim 0.4.2
  image_size 1.1.0
  in_threads 1.1.1
  json 1.7.3
  kramdown 0.13.7
  mime-types 1.18
  multi_json 1.3.6
  nanoc 3.4.0
  nanoc-cachebuster 0.3.1
  nanoc-image-compressor 0.1.1
  nanoc-javascript-concatenator 0.0.2
  nokogiri 1.5.4
  progress 2.4.0
  rack 1.4.1
  rake 0.9.2.2
  sass 3.1.19
  systemu 2.5.1
  uglifier 1.2.4
  w3c_validators 1.2

=== ENVIRONMENT:

ANT_HOME => "/usr/share/apache-ant"
BUNDLE_BIN_PATH => "/home/tlevine/.gem/ruby/1.9.1/gems/bundler-1.1.4/bin/bundle"
BUNDLE_GEMFILE => "/home/tlevine/Documents/deadpeoplebornonmybirthday/www/Gemfile"
COLORTERM => "mate-terminal"
DBUS_SESSION_BUS_ADDRESS => "unix:abstract=/tmp/dbus-7aDadtWU62,guid=c719fe04c8a6603cd968185400000021"
DESKTOP_SESSION => "mate"
DISPLAY => ":0.0"
EDITOR => "vim"
GDMSESSION => "mate"
GEM_HOME => "/usr/lib/ruby/gems/1.9.1"
GEM_PATH => "/usr/lib/ruby/gems/1.9.1:/home/tlevine/.gem/ruby/1.9.1"
GPG_AGENT_INFO => "/tmp/keyring-Cadgc8/gpg:0:1"
GTK_MODULES => "canberra-gtk-module"
G_BROKEN_FILENAMES => "1"
HG => "/usr/bin/hg"
HOME => "/home/tlevine"
J2REDIR => "/usr/lib/jvm/java-7-openjdk/jre"
J2SDKDIR => "/usr/lib/jvm/java-7-openjdk"
JAVA_HOME => "/usr/lib/jvm/java-7-openjdk"
LANG => "en_US.UTF-8"
LOGNAME => "tlevine"
MATECORBA_SOCKETDIR => "/tmp/matecorba-tlevine"
MATE_DESKTOP_SESSION_ID => "this-is-deprecated"
MATE_KEYRING_CONTROL => "/tmp/keyring-Cadgc8"
MOZ_PLUGIN_PATH => "/usr/lib/mozilla/plugins"
OLDPWD => "/home/tlevine/Documents/deadpeoplebornonmybirthday"
PATH => "/usr/lib/ruby/gems/1.9.1/bin:/usr/local/bin:/usr/bin:/bin:/usr/local/sbin:/usr/sbin:/sbin:/usr/bin/vendor_perl:/usr/bin/core_perl:~/bin:~/.gem/ruby/1.9.1/bin"
PWD => "/home/tlevine/Documents/deadpeoplebornonmybirthday/www"
RUBYOPT => "-I/home/tlevine/.gem/ruby/1.9.1/gems/bundler-1.1.4/lib -rbundler/setup"
R_HISTFILE => "/home/tlevine/.Rhistory"
SESSION_MANAGER => "local/desk:@/tmp/.ICE-unix/850,unix/desk:/tmp/.ICE-unix/850"
SHELL => "/bin/bash"
SHLVL => "2"
SSH_AGENT_PID => "883"
SSH_AUTH_SOCK => "/tmp/keyring-Cadgc8/ssh"
TERM => "screen"
TMUX => "/tmp//tmux-1000/default,1700,30"
TMUX_PANE => "%247"
USER => "tlevine"
USERNAME => "tlevine"
WINDOWID => "46173930"
WINDOWPATH => "7"
XAUTHORITY => "/var/run/gdm/auth-for-tlevine-RKPJXn/database"
XDG_CACHE_HOME => "/home/tlevine/.cache"
XDG_CONFIG_DIRS => "/etc/xdg:/etc/xdg"
XDG_CONFIG_HOME => "/home/tlevine/.config"
XDG_DATA_DIRS => "/usr/share/:/usr/local/share/:/usr/share/:/usr/local/share/"
XDG_DATA_HOME => "/home/tlevine/.local/share"
XDG_SESSION_COOKIE => "6ce24beebc655a5dd633b76200000968-1338021090.386093-206081837"
_ => "/usr/bin/nanoc"

=== GEMFILE.LOCK:

GEM
  remote: https://rubygems.org/
  specs:
    activesupport (3.2.6)
      i18n (~> 0.6)
      multi_json (~> 1.0)
    adsf (1.1.1)
      rack (>= 1.0.0)
    chunky_png (1.2.5)
    colored (1.2)
    compass (0.12.1)
      chunky_png (~> 1.2)
      fssm (>= 0.2.7)
      sass (~> 3.1)
    compass-h5bp (0.0.5)
      compass
    cri (2.3.0)
      colored (>= 1.2)
    execjs (1.4.0)
      multi_json (~> 1.0)
    fspath (2.0.4)
    fssm (0.2.9)
    haml (3.1.6)
    i18n (0.6.0)
    image_optim (0.4.2)
      fspath (~> 2.0.3)
      image_size (~> 1.1)
      in_threads (~> 1.1.1)
      progress (~> 2.4.0)
    image_size (1.1.0)
    in_threads (1.1.1)
    json (1.7.3)
    kramdown (0.13.7)
    mime-types (1.18)
    multi_json (1.3.6)
    nanoc (3.4.0)
      cri (~> 2.2)
    nanoc-cachebuster (0.3.1)
      nanoc (>= 3.3.0)
    nanoc-image-compressor (0.1.1)
      image_optim
      nanoc (>= 3.3.1)
    nanoc-javascript-concatenator (0.0.2)
      nanoc (>= 3.3.0)
    nokogiri (1.5.4)
    progress (2.4.0)
    rack (1.4.1)
    rake (0.9.2.2)
    sass (3.1.19)
    systemu (2.5.1)
    uglifier (1.2.4)
      execjs (>= 0.3.0)
      multi_json (>= 1.0.2)
    w3c_validators (1.2)
      json
      nokogiri

PLATFORMS
  ruby

DEPENDENCIES
  activesupport
  adsf
  compass (~> 0.12)
  compass-h5bp (>= 0.0.5)
  haml (~> 3.1)
  i18n
  kramdown
  mime-types
  multi_json (~> 1.3)
  nanoc (~> 3.4.0)
  nanoc-cachebuster (>= 0.3.1)
  nanoc-image-compressor (>= 0.1.1)
  nanoc-javascript-concatenator
  nokogiri
  rack
  rake
  sass (~> 3.1)
  systemu
  uglifier
  w3c_validators

=== $LOAD_PATH:

  0. /usr/lib/ruby/gems/1.9.1/gems/nanoc-3.4.0/lib
  1. /usr/lib/ruby/gems/1.9.1/gems/w3c_validators-1.2/lib
  2. /usr/lib/ruby/gems/1.9.1/gems/uglifier-1.2.4/lib
  3. /usr/lib/ruby/gems/1.9.1/gems/systemu-2.5.1/lib
  4. /usr/lib/ruby/gems/1.9.1/gems/nokogiri-1.5.4/lib
  5. /usr/lib/ruby/gems/1.9.1/gems/nanoc-javascript-concatenator-0.0.2/lib
  6. /usr/lib/ruby/gems/1.9.1/gems/nanoc-image-compressor-0.1.1/lib
  7. /usr/lib/ruby/gems/1.9.1/gems/nanoc-cachebuster-0.3.1/lib
  8. /usr/lib/ruby/gems/1.9.1/gems/nanoc-3.4.0/lib
  9. /home/tlevine/.gem/ruby/1.9.1/gems/mime-types-1.18/lib
  10. /usr/lib/ruby/gems/1.9.1/gems/kramdown-0.13.7/lib
  11. /usr/lib/ruby/gems/1.9.1/gems/json-1.7.3/lib
  12. /usr/lib/ruby/gems/1.9.1/gems/image_optim-0.4.2/lib
  13. /usr/lib/ruby/gems/1.9.1/gems/progress-2.4.0/lib
  14. /usr/lib/ruby/gems/1.9.1/gems/in_threads-1.1.1/lib
  15. /usr/lib/ruby/gems/1.9.1/gems/image_size-1.1.0/lib
  16. /usr/lib/ruby/gems/1.9.1/gems/haml-3.1.6/lib
  17. /usr/lib/ruby/gems/1.9.1/gems/fspath-2.0.4/lib
  18. /usr/lib/ruby/gems/1.9.1/gems/execjs-1.4.0/lib
  19. /usr/lib/ruby/gems/1.9.1/gems/cri-2.3.0/lib
  20. /usr/lib/ruby/gems/1.9.1/gems/compass-h5bp-0.0.5/lib
  21. /usr/lib/ruby/gems/1.9.1/gems/compass-0.12.1/lib
  22. /usr/lib/ruby/gems/1.9.1/gems/sass-3.1.19/lib
  23. /usr/lib/ruby/gems/1.9.1/gems/fssm-0.2.9/lib
  24. /usr/lib/ruby/gems/1.9.1/gems/colored-1.2/lib
  25. /usr/lib/ruby/gems/1.9.1/gems/chunky_png-1.2.5/lib
  26. /usr/lib/ruby/gems/1.9.1/gems/adsf-1.1.1/lib
  27. /usr/lib/ruby/gems/1.9.1/gems/rack-1.4.1/lib
  28. /usr/lib/ruby/gems/1.9.1/gems/activesupport-3.2.6/lib
  29. /usr/lib/ruby/gems/1.9.1/gems/multi_json-1.3.6/lib
  30. /usr/lib/ruby/gems/1.9.1/gems/i18n-0.6.0/lib
  31. /usr/lib/ruby/gems/1.9.1/gems/rake-0.9.2.2/lib
  32. /home/tlevine/.gem/ruby/1.9.1/gems/bundler-1.1.4/lib
  33. /usr/lib/ruby/site_ruby/1.9.1
  34. /usr/lib/ruby/site_ruby/1.9.1/x86_64-linux
  35. /usr/lib/ruby/site_ruby
  36. /usr/lib/ruby/vendor_ruby/1.9.1
  37. /usr/lib/ruby/vendor_ruby/1.9.1/x86_64-linux
  38. /usr/lib/ruby/vendor_ruby
  39. /usr/lib/ruby/1.9.1
  40. /usr/lib/ruby/1.9.1/x86_64-linux
